This file contains any messages produced by compilers while
running configure, to aid debugging if configure makes a mistake.

It was created by asio configure 1.34.2, which was
generated by GNU Autoconf 2.72.  Invocation command line was

  $ ./configure

## --------- ##
## Platform. ##
## --------- ##

hostname = MacBook-Pro-3.attlocal.net
uname -m = x86_64
uname -r = 23.6.0
uname -s = Darwin
uname -v = Darwin Kernel Version 23.6.0: Thu Dec 19 20:44:10 PST 2024; root:xnu-10063.141.1.703.2~1/RELEASE_ARM64_T6000

/usr/bin/uname -p = i386
/bin/uname -X     = unknown

/bin/arch              = unknown
/usr/bin/arch -k       = unknown
/usr/convex/getsysinfo = unknown
/usr/bin/hostinfo      = Mach kernel version:
	 Darwin Kernel Version 23.6.0: Thu Dec 19 20:44:10 PST 2024; root:xnu-10063.141.1.703.2~1/RELEASE_ARM64_T6000
Kernel configured for up to 10 processors.
10 processors are physically available.
10 processors are logically available.
Processor type: i486 (Intel 80486)
Processors active: 0 1 2 3 4 5 6 7 8 9
Primary memory available: 16.00 gigabytes
Default processor set: 621 tasks, 3732 threads, 10 processors
Load average: 4.22, Mach factor: 5.77
/bin/machine           = unknown
/usr/bin/oslevel       = unknown
/bin/universe          = unknown

PATH: /Library/Frameworks/Python.framework/Versions/3.10/bin/
PATH: /usr/local/bin/
PATH: /System/Cryptexes/App/usr/bin/
PATH: /usr/bin/
PATH: /bin/
PATH: /usr/sbin/
PATH: /sbin/
PATH: /var/run/com.apple.security.cryptexd/codex.system/bootstrap/usr/local/bin/
PATH: /var/run/com.apple.security.cryptexd/codex.system/bootstrap/usr/bin/
PATH: /var/run/com.apple.security.cryptexd/codex.system/bootstrap/usr/appleinternal/bin/
PATH: /Library/Apple/usr/bin/
PATH: /usr/local/go/bin/
PATH: /Library/Frameworks/Mono.framework/Versions/Current/Commands/
PATH: /Users/angie/.cargo/bin/
PATH: /Library/Frameworks/Python.framework/Versions/3.10/bin/
PATH: /usr/local/mysql/bin/
PATH: /usr/local/mysql/bin/


## ----------- ##
## Core tests. ##
## ----------- ##

configure:2508: looking for aux files: compile config.guess config.sub missing install-sh
configure:2521:  trying ./
configure:2550:   ./compile found
configure:2550:   ./config.guess found
configure:2550:   ./config.sub found
configure:2550:   ./missing found
configure:2532:   ./install-sh found
configure:2664: checking whether to enable maintainer-specific portions of Makefiles
configure:2675: result: no
configure:2706: checking for a BSD-compatible install
configure:2780: result: /usr/bin/install -c
configure:2791: checking whether sleep supports fractional seconds
configure:2807: result: yes
configure:2810: checking filesystem timestamp resolution
configure:2945: result: 2
configure:2950: checking whether build environment is sane
configure:2991: result: yes
configure:3162: checking for a race-free mkdir -p
configure:3205: result: mkdir -p
configure:3212: checking for gawk
configure:3248: result: no
configure:3212: checking for mawk
configure:3248: result: no
configure:3212: checking for nawk
configure:3248: result: no
configure:3212: checking for awk
configure:3233: found /usr/bin/awk
configure:3245: result: awk
configure:3256: checking whether make sets $(MAKE)
configure:3280: result: yes
configure:3306: checking whether make supports nested variables
configure:3325: result: yes
configure:3339: checking xargs -n works
configure:3355: result: yes
configure:3430: checking how to create a pax tar archive
configure:3441: tar --version
bsdtar 3.5.3 - libarchive 3.5.3 zlib/1.2.12 liblzma/5.4.3 bz2lib/1.0.8 
configure:3444: $? = 0
configure:3484: tardir=conftest.dir && eval tar --format=posix -chf - "$tardir" >conftest.tar
configure:3487: $? = 0
configure:3491: tar -xf - <conftest.tar
configure:3494: $? = 0
configure:3496: cat conftest.dir/file
GrepMe
configure:3499: $? = 0
configure:3514: result: gnutar
configure:3547: checking build system type
configure:3563: result: x86_64-apple-darwin23.6.0
configure:3583: checking host system type
configure:3598: result: x86_64-apple-darwin23.6.0
configure:3631: checking whether make supports the include directive
configure:3646: make -f confmf.GNU && cat confinc.out
this is the am__doit target
configure:3649: $? = 0
configure:3668: result: yes (GNU style)
configure:3745: checking for gcc
configure:3766: found /usr/bin/gcc
configure:3778: result: gcc
configure:4137: checking for C compiler version
configure:4146: gcc --version >&5
Apple clang version 16.0.0 (clang-1600.0.26.6)
Target: x86_64-apple-darwin23.6.0
Thread model: posix
InstalledDir: /Applications/Xcode.app/Contents/Developer/Toolchains/XcodeDefault.xctoolchain/usr/bin
configure:4157: $? = 0
configure:4146: gcc -v >&5
Apple clang version 16.0.0 (clang-1600.0.26.6)
Target: x86_64-apple-darwin23.6.0
Thread model: posix
InstalledDir: /Applications/Xcode.app/Contents/Developer/Toolchains/XcodeDefault.xctoolchain/usr/bin
configure:4157: $? = 0
configure:4146: gcc -V >&5
clang: error: argument to '-V' is missing (expected 1 value)
clang: error: no input files
configure:4157: $? = 1
configure:4146: gcc -qversion >&5
clang: error: unknown argument '-qversion'; did you mean '--version'?
clang: error: no input files
configure:4157: $? = 1
configure:4146: gcc -version >&5
clang: error: unknown argument '-version'; did you mean '--version'?
clang: error: no input files
configure:4157: $? = 1
configure:4177: checking whether the C compiler works
configure:4199: gcc    conftest.c  >&5
configure:4203: $? = 0
configure:4254: result: yes
configure:4258: checking for C compiler default output file name
configure:4260: result: a.out
configure:4266: checking for suffix of executables
configure:4273: gcc -o conftest    conftest.c  >&5
configure:4277: $? = 0
configure:4301: result: 
configure:4325: checking whether we are cross compiling
configure:4333: gcc -o conftest    conftest.c  >&5
configure:4337: $? = 0
configure:4344: ./conftest
configure:4348: $? = 0
configure:4363: result: no
configure:4369: checking for suffix of object files
configure:4392: gcc -c   conftest.c >&5
configure:4396: $? = 0
configure:4420: result: o
configure:4424: checking whether the compiler supports GNU C
configure:4444: gcc -c   conftest.c >&5
configure:4444: $? = 0
configure:4456: result: yes
configure:4467: checking whether gcc accepts -g
configure:4488: gcc -c -g  conftest.c >&5
configure:4488: $? = 0
configure:4535: result: yes
configure:4555: checking for gcc option to enable C11 features
configure:4570: gcc  -c -g -O2  conftest.c >&5
configure:4570: $? = 0
configure:4589: result: none needed
configure:4713: checking whether gcc understands -c and -o together
configure:4736: gcc -c conftest.c -o conftest2.o
configure:4739: $? = 0
configure:4736: gcc -c conftest.c -o conftest2.o
configure:4739: $? = 0
configure:4752: result: yes
configure:4771: checking dependency style of gcc
configure:4884: result: gcc3
configure:4970: checking for g++
configure:4991: found /usr/bin/g++
configure:5003: result: g++
configure:5030: checking for C++ compiler version
configure:5039: g++ --version >&5
Apple clang version 16.0.0 (clang-1600.0.26.6)
Target: x86_64-apple-darwin23.6.0
Thread model: posix
InstalledDir: /Applications/Xcode.app/Contents/Developer/Toolchains/XcodeDefault.xctoolchain/usr/bin
configure:5050: $? = 0
configure:5039: g++ -v >&5
Apple clang version 16.0.0 (clang-1600.0.26.6)
Target: x86_64-apple-darwin23.6.0
Thread model: posix
InstalledDir: /Applications/Xcode.app/Contents/Developer/Toolchains/XcodeDefault.xctoolchain/usr/bin
configure:5050: $? = 0
configure:5039: g++ -V >&5
clang++: error: argument to '-V' is missing (expected 1 value)
clang++: error: no input files
configure:5050: $? = 1
configure:5039: g++ -qversion >&5
clang++: error: unknown argument '-qversion'; did you mean '--version'?
clang++: error: no input files
configure:5050: $? = 1
configure:5054: checking whether the compiler supports GNU C++
configure:5074: g++ -c   conftest.cpp >&5
configure:5074: $? = 0
configure:5086: result: yes
configure:5097: checking whether g++ accepts -g
configure:5118: g++ -c -g  conftest.cpp >&5
configure:5118: $? = 0
configure:5165: result: yes
configure:5185: checking for g++ option to enable C++11 features
configure:5200: g++  -c -g -O2  conftest.cpp >&5
conftest.cpp:57:3: error: "Compiler does not advertise C++11 conformance"
   57 | # error "Compiler does not advertise C++11 conformance"
      |   ^
conftest.cpp:62:3: error: unknown type name 'constexpr'
   62 |   constexpr int get_val() { return 20; }
      |   ^
conftest.cpp:74:17: error: delegating constructors are permitted only in C++11
   74 |     delegate(): delegate(2354) {}
      |                 ^~~~~~~~
conftest.cpp:85:26: warning: 'override' keyword is a C++11 extension [-Wc++11-extensions]
   85 |     virtual int getval() override final { return this->n * 2; }
      |                          ^
conftest.cpp:85:35: warning: 'final' keyword is a C++11 extension [-Wc++11-extensions]
   85 |     virtual int getval() override final { return this->n * 2; }
      |                                   ^
conftest.cpp:92:16: warning: defaulted function definitions are a C++11 extension [-Wc++11-extensions]
   92 |     nocopy() = default;
      |                ^
conftest.cpp:93:29: warning: deleted function definitions are a C++11 extension [-Wc++11-extensions]
   93 |     nocopy(const nocopy&) = delete;
      |                             ^
conftest.cpp:94:41: warning: deleted function definitions are a C++11 extension [-Wc++11-extensions]
   94 |     nocopy & operator=(const nocopy&) = delete;
      |                                         ^
conftest.cpp:106:25: warning: 'auto' type specifier is a C++11 extension [-Wc++11-extensions]
  106 |   template <typename V> auto sum(V first) -> V
      |                         ^
conftest.cpp:106:25: error: 'auto' not allowed in function return type
  106 |   template <typename V> auto sum(V first) -> V
      |                         ^~~~
conftest.cpp:106:42: error: expected ';' at end of declaration
  106 |   template <typename V> auto sum(V first) -> V
      |                                          ^
      |                                          ;
conftest.cpp:106:43: error: cannot use arrow operator on a type
  106 |   template <typename V> auto sum(V first) -> V
      |                                           ^
conftest.cpp:110:33: warning: variadic templates are a C++11 extension [-Wc++11-extensions]
  110 |   template <typename V, typename... Args> auto sum(V first, Args... rest) -> V
      |                                 ^
conftest.cpp:110:43: warning: 'auto' type specifier is a C++11 extension [-Wc++11-extensions]
  110 |   template <typename V, typename... Args> auto sum(V first, Args... rest) -> V
      |                                           ^
conftest.cpp:110:43: error: 'auto' not allowed in function return type
  110 |   template <typename V, typename... Args> auto sum(V first, Args... rest) -> V
      |                                           ^~~~
conftest.cpp:110:74: error: expected ';' at end of declaration
  110 |   template <typename V, typename... Args> auto sum(V first, Args... rest) -> V
      |                                                                          ^
      |                                                                          ;
conftest.cpp:110:75: error: cannot use arrow operator on a type
  110 |   template <typename V, typename... Args> auto sum(V first, Args... rest) -> V
      |                                                                           ^
conftest.cpp:134:3: warning: 'auto' type specifier is a C++11 extension [-Wc++11-extensions]
  134 |   auto a1 = 6538;
      |   ^
conftest.cpp:135:3: warning: 'auto' type specifier is a C++11 extension [-Wc++11-extensions]
  135 |   auto a2 = 48573953.4;
      |   ^
conftest.cpp:136:3: warning: 'auto' type specifier is a C++11 extension [-Wc++11-extensions]
  136 |   auto a3 = "String literal";
      |   ^
conftest.cpp:139:8: warning: 'auto' type specifier is a C++11 extension [-Wc++11-extensions]
  139 |   for (auto i = a3; *i; ++i) { total += *i; }
      |        ^
conftest.cpp:155:8: warning: 'auto' type specifier is a C++11 extension [-Wc++11-extensions]
  155 |   for (auto &x : array) { x += 23; }
      |        ^
conftest.cpp:155:16: warning: range-based for loop is a C++11 extension [-Wc++11-extensions]
  155 |   for (auto &x : array) { x += 23; }
      |                ^
conftest.cpp:160:17: error: expected expression
  160 |   assert (eval ([](int x) { return x*2; }, 21) == 42);
      |                 ^
conftest.cpp:162:17: error: expected expression
  162 |   assert (eval ([&](double x) { return d += x; }, 3.0) == 5.0);
      |                 ^
conftest.cpp:164:17: error: expected expression
  164 |   assert (eval ([=](double x) mutable { return d += x; }, 4.0) == 9.0);
      |                 ^
conftest.cpp:170:3: warning: 'auto' type specifier is a C++11 extension [-Wc++11-extensions]
  170 |   auto a = sum(1);
      |   ^
conftest.cpp:170:12: error: no matching function for call to 'sum'
  170 |   auto a = sum(1);
      |            ^~~
conftest.cpp:171:3: warning: 'auto' type specifier is a C++11 extension [-Wc++11-extensions]
  171 |   auto b = sum(1, 2);
      |   ^
conftest.cpp:171:12: error: no matching function for call to 'sum'
  171 |   auto b = sum(1, 2);
      |            ^~~
conftest.cpp:172:3: warning: 'auto' type specifier is a C++11 extension [-Wc++11-extensions]
  172 |   auto c = sum(1.0, 2.0, 3.0);
      |   ^
conftest.cpp:172:12: error: no matching function for call to 'sum'
  172 |   auto c = sum(1.0, 2.0, 3.0);
      |            ^~~
conftest.cpp:177:25: warning: empty parentheses interpreted as a function declaration [-Wvexing-parse]
  177 |   cxx11test::delegate d2();
      |                         ^~
conftest.cpp:177:25: note: remove parentheses to declare a variable
  177 |   cxx11test::delegate d2();
      |                         ^~
conftest.cpp:190:16: error: found '<::' after a template name which forms the digraph '<:' (aka '[') and a ':', did you mean '< ::'?
  190 |   test_template<::test_template<int>> v(test_template<int>(12));
      |                ^~~
      |                < ::
conftest.cpp:190:36: error: a space is required between consecutive right angle brackets (use '> >')
  190 |   test_template<::test_template<int>> v(test_template<int>(12));
      |                                    ^~
      |                                    > >
conftest.cpp:194:22: error: use of undeclared identifier 'u8'
  194 |   char const *utf8 = u8"UTF-8 string \u2500";
      |                      ^
conftest.cpp:194:24: error: expected ';' at end of declaration
  194 |   char const *utf8 = u8"UTF-8 string \u2500";
      |                        ^
      |                        ;
fatal error: too many errors emitted, stopping now [-ferror-limit=]
18 warnings and 20 errors generated.
configure:5200: $? = 1
configure: failed program was:
| /* confdefs.h */
| #define PACKAGE_NAME "asio"
| #define PACKAGE_TARNAME "asio"
| #define PACKAGE_VERSION "1.34.2"
| #define PACKAGE_STRING "asio 1.34.2"
| #define PACKAGE_BUGREPORT ""
| #define PACKAGE_URL ""
| #define PACKAGE "asio"
| #define VERSION "1.34.2"
| /* end confdefs.h.  */
| 
| // Does the compiler advertise C++98 conformance?
| #if !defined __cplusplus || __cplusplus < 199711L
| # error "Compiler does not advertise C++98 conformance"
| #endif
| 
| // These inclusions are to reject old compilers that
| // lack the unsuffixed header files.
| #include <cstdlib>
| #include <exception>
| 
| // <cassert> and <cstring> are *not* freestanding headers in C++98.
| extern void assert (int);
| namespace std {
|   extern int strcmp (const char *, const char *);
| }
| 
| // Namespaces, exceptions, and templates were all added after "C++ 2.0".
| using std::exception;
| using std::strcmp;
| 
| namespace {
| 
| void test_exception_syntax()
| {
|   try {
|     throw "test";
|   } catch (const char *s) {
|     // Extra parentheses suppress a warning when building autoconf itself,
|     // due to lint rules shared with more typical C programs.
|     assert (!(strcmp) (s, "test"));
|   }
| }
| 
| template <typename T> struct test_template
| {
|   T const val;
|   explicit test_template(T t) : val(t) {}
|   template <typename U> T add(U u) { return static_cast<T>(u) + val; }
| };
| 
| } // anonymous namespace
| 
| 
| // Does the compiler advertise C++ 2011 conformance?
| #if !defined __cplusplus || __cplusplus < 201103L
| # error "Compiler does not advertise C++11 conformance"
| #endif
| 
| namespace cxx11test
| {
|   constexpr int get_val() { return 20; }
| 
|   struct testinit
|   {
|     int i;
|     double d;
|   };
| 
|   class delegate
|   {
|   public:
|     delegate(int n) : n(n) {}
|     delegate(): delegate(2354) {}
| 
|     virtual int getval() { return this->n; };
|   protected:
|     int n;
|   };
| 
|   class overridden : public delegate
|   {
|   public:
|     overridden(int n): delegate(n) {}
|     virtual int getval() override final { return this->n * 2; }
|   };
| 
|   class nocopy
|   {
|   public:
|     nocopy(int i): i(i) {}
|     nocopy() = default;
|     nocopy(const nocopy&) = delete;
|     nocopy & operator=(const nocopy&) = delete;
|   private:
|     int i;
|   };
| 
|   // for testing lambda expressions
|   template <typename Ret, typename Fn> Ret eval(Fn f, Ret v)
|   {
|     return f(v);
|   }
| 
|   // for testing variadic templates and trailing return types
|   template <typename V> auto sum(V first) -> V
|   {
|     return first;
|   }
|   template <typename V, typename... Args> auto sum(V first, Args... rest) -> V
|   {
|     return first + sum(rest...);
|   }
| }
| 
| 
| int
| main (int argc, char **argv)
| {
|   int ok = 0;
|   
|   assert (argc);
|   assert (! argv[0]);
| {
|   test_exception_syntax ();
|   test_template<double> tt (2.0);
|   assert (tt.add (4) == 6.0);
|   assert (true && !false);
| }
| 
|   
| {
|   // Test auto and decltype
|   auto a1 = 6538;
|   auto a2 = 48573953.4;
|   auto a3 = "String literal";
| 
|   int total = 0;
|   for (auto i = a3; *i; ++i) { total += *i; }
| 
|   decltype(a2) a4 = 34895.034;
| }
| {
|   // Test constexpr
|   short sa[cxx11test::get_val()] = { 0 };
| }
| {
|   // Test initializer lists
|   cxx11test::testinit il = { 4323, 435234.23544 };
| }
| {
|   // Test range-based for
|   int array[] = {9, 7, 13, 15, 4, 18, 12, 10, 5, 3,
|                  14, 19, 17, 8, 6, 20, 16, 2, 11, 1};
|   for (auto &x : array) { x += 23; }
| }
| {
|   // Test lambda expressions
|   using cxx11test::eval;
|   assert (eval ([](int x) { return x*2; }, 21) == 42);
|   double d = 2.0;
|   assert (eval ([&](double x) { return d += x; }, 3.0) == 5.0);
|   assert (d == 5.0);
|   assert (eval ([=](double x) mutable { return d += x; }, 4.0) == 9.0);
|   assert (d == 5.0);
| }
| {
|   // Test use of variadic templates
|   using cxx11test::sum;
|   auto a = sum(1);
|   auto b = sum(1, 2);
|   auto c = sum(1.0, 2.0, 3.0);
| }
| {
|   // Test constructor delegation
|   cxx11test::delegate d1;
|   cxx11test::delegate d2();
|   cxx11test::delegate d3(45);
| }
| {
|   // Test override and final
|   cxx11test::overridden o1(55464);
| }
| {
|   // Test nullptr
|   char *c = nullptr;
| }
| {
|   // Test template brackets
|   test_template<::test_template<int>> v(test_template<int>(12));
| }
| {
|   // Unicode literals
|   char const *utf8 = u8"UTF-8 string \u2500";
|   char16_t const *utf16 = u"UTF-8 string \u2500";
|   char32_t const *utf32 = U"UTF-32 string \u2500";
| }
| 
|   return ok;
| }
| 
configure:5200: g++ -std=gnu++11 -c -g -O2  conftest.cpp >&5
conftest.cpp:177:25: warning: empty parentheses interpreted as a function declaration [-Wvexing-parse]
  177 |   cxx11test::delegate d2();
      |                         ^~
conftest.cpp:177:25: note: remove parentheses to declare a variable
  177 |   cxx11test::delegate d2();
      |                         ^~
1 warning generated.
configure:5200: $? = 0
configure:5222: result: -std=gnu++11
configure:5290: checking dependency style of g++ -std=gnu++11
configure:5403: result: gcc3
configure:5473: checking for ranlib
configure:5494: found /usr/bin/ranlib
configure:5506: result: ranlib
configure:5649: checking for openssl/ssl.h
configure:5649: g++ -std=gnu++11 -c -g -O2  conftest.cpp >&5
configure:5649: $? = 0
configure:5649: result: yes
configure:5737: checking whether C++11 is enabled
configure:5752: g++ -std=gnu++11 -c -g -O2 -ftemplate-depth-256  -DASIO_STANDALONE conftest.cpp >&5
configure:5752: $? = 0
configure:5754: result: yes
configure:5765: checking whether C++14 is enabled
configure:5785: g++ -std=gnu++11 -c -g -O2 -ftemplate-depth-256  -DASIO_STANDALONE conftest.cpp >&5
conftest.cpp:18:6: error: C++14 not available
   18 |     #error C++14 not available
      |      ^
1 error generated.
configure:5785: $? = 1
configure: failed program was:
| /* confdefs.h */
| #define PACKAGE_NAME "asio"
| #define PACKAGE_TARNAME "asio"
| #define PACKAGE_VERSION "1.34.2"
| #define PACKAGE_STRING "asio 1.34.2"
| #define PACKAGE_BUGREPORT ""
| #define PACKAGE_URL ""
| #define PACKAGE "asio"
| #define VERSION "1.34.2"
| #define _REENTRANT 1
| /* end confdefs.h.  */
| #if defined(__GNUC__) && !defined(__clang__)
|     # if (__GNUC__ <= 6)
|     #  error C++14 support on this compiler not sufficiently compliant
|     # endif
|     #endif
|     #if __cplusplus < 201402L
|     #error C++14 not available
|     #endif
| int
| main (void)
| {
| 
|   ;
|   return 0;
| }
configure:5791: result: no
configure:5798: checking whether C++17 is enabled
configure:5813: g++ -std=gnu++11 -c -g -O2 -ftemplate-depth-256  -DASIO_STANDALONE conftest.cpp >&5
conftest.cpp:13:6: error: C++17 not available
   13 |     #error C++17 not available
      |      ^
1 error generated.
configure:5813: $? = 1
configure: failed program was:
| /* confdefs.h */
| #define PACKAGE_NAME "asio"
| #define PACKAGE_TARNAME "asio"
| #define PACKAGE_VERSION "1.34.2"
| #define PACKAGE_STRING "asio 1.34.2"
| #define PACKAGE_BUGREPORT ""
| #define PACKAGE_URL ""
| #define PACKAGE "asio"
| #define VERSION "1.34.2"
| #define _REENTRANT 1
| /* end confdefs.h.  */
| #if __cplusplus < 201703L
|     #error C++17 not available
|     #endif
| int
| main (void)
| {
| 
|   ;
|   return 0;
| }
configure:5819: result: no
configure:5826: checking whether C++20 is enabled
configure:5841: g++ -std=gnu++11 -c -g -O2 -ftemplate-depth-256  -DASIO_STANDALONE conftest.cpp >&5
conftest.cpp:13:6: error: C++20 not available
   13 |     #error C++20 not available
      |      ^
1 error generated.
configure:5841: $? = 1
configure: failed program was:
| /* confdefs.h */
| #define PACKAGE_NAME "asio"
| #define PACKAGE_TARNAME "asio"
| #define PACKAGE_VERSION "1.34.2"
| #define PACKAGE_STRING "asio 1.34.2"
| #define PACKAGE_BUGREPORT ""
| #define PACKAGE_URL ""
| #define PACKAGE "asio"
| #define VERSION "1.34.2"
| #define _REENTRANT 1
| /* end confdefs.h.  */
| #if __cplusplus < 202002L
|     #error C++20 not available
|     #endif
| int
| main (void)
| {
| 
|   ;
|   return 0;
| }
configure:5847: result: no
configure:5854: checking whether coroutines are enabled
configure:5894: g++ -std=gnu++11 -c -g -O2 -ftemplate-depth-256  -DASIO_STANDALONE conftest.cpp >&5
conftest.cpp:38:7: error: coroutines not available
   38 |     # error coroutines not available
      |       ^
1 error generated.
configure:5894: $? = 1
configure: failed program was:
| /* confdefs.h */
| #define PACKAGE_NAME "asio"
| #define PACKAGE_TARNAME "asio"
| #define PACKAGE_VERSION "1.34.2"
| #define PACKAGE_STRING "asio 1.34.2"
| #define PACKAGE_BUGREPORT ""
| #define PACKAGE_URL ""
| #define PACKAGE "asio"
| #define VERSION "1.34.2"
| #define _REENTRANT 1
| /* end confdefs.h.  */
| #if defined(__clang__)
|     # if (__clang_major__ >= 14)
|     #  if (__cplusplus >= 202002) && (__cpp_impl_coroutine >= 201902)
|     #   if __has_include(<coroutine>)
|     #    define ASIO_HAS_CO_AWAIT 1
|     #   endif
|     #  elif (__cplusplus >= 201703) && (__cpp_coroutines >= 201703)
|     #   if __has_include(<experimental/coroutine>)
|     #    define ASIO_HAS_CO_AWAIT 1
|     #   endif
|     #  endif
|     # else
|     #  if (__cplusplus >= 201703) && (__cpp_coroutines >= 201703)
|     #   if __has_include(<experimental/coroutine>)
|     #    define ASIO_HAS_CO_AWAIT 1
|     #   endif
|     #  endif
|     # endif
|     #elif defined(__GNUC__)
|     # if (__cplusplus >= 201709) && (__cpp_impl_coroutine >= 201902)
|     #  if __has_include(<coroutine>)
|     #   define ASIO_HAS_CO_AWAIT 1
|     #  endif
|     # endif
|     #endif
|     #ifndef ASIO_HAS_CO_AWAIT
|     # error coroutines not available
|     #endif
| int
| main (void)
| {
| 
|   ;
|   return 0;
| }
configure:5900: result: no
configure:6149: checking that generated files are newer than configure
configure:6155: result: done
configure:6234: creating ./config.status

## ---------------------- ##
## Running config.status. ##
## ---------------------- ##

This file was extended by asio config.status 1.34.2, which was
generated by GNU Autoconf 2.72.  Invocation command line was

  CONFIG_FILES    = 
  CONFIG_HEADERS  = 
  CONFIG_LINKS    = 
  CONFIG_COMMANDS = 
  $ ./config.status 

on MacBook-Pro-3.attlocal.net

config.status:822: creating asio.pc
config.status:822: creating Makefile
config.status:822: creating include/Makefile
config.status:822: creating src/Makefile
config.status:822: creating src/tests/Makefile
config.status:822: creating src/tests/properties/Makefile
config.status:822: creating src/examples/cpp11/Makefile
config.status:822: creating src/examples/cpp14/Makefile
config.status:822: creating src/examples/cpp17/Makefile
config.status:822: creating src/examples/cpp20/Makefile
config.status:994: executing depfiles commands
config.status:1071: cd src/tests       && sed -e '/# am--include-marker/d' Makefile         | make -f - am--depfiles
config.status:1076: $? = 0
config.status:1071: cd src/tests/properties       && sed -e '/# am--include-marker/d' Makefile         | make -f - am--depfiles
config.status:1076: $? = 0
config.status:1071: cd src/examples/cpp11       && sed -e '/# am--include-marker/d' Makefile         | make -f - am--depfiles
config.status:1076: $? = 0
config.status:1071: cd src/examples/cpp14       && sed -e '/# am--include-marker/d' Makefile         | make -f - am--depfiles
config.status:1076: $? = 0
config.status:1071: cd src/examples/cpp17       && sed -e '/# am--include-marker/d' Makefile         | make -f - am--depfiles
config.status:1076: $? = 0
config.status:1071: cd src/examples/cpp20       && sed -e '/# am--include-marker/d' Makefile         | make -f - am--depfiles
config.status:1076: $? = 0

## ---------------- ##
## Cache variables. ##
## ---------------- ##

ac_cv_build=x86_64-apple-darwin23.6.0
ac_cv_c_compiler_gnu=yes
ac_cv_cxx_compiler_gnu=yes
ac_cv_env_CCC_set=
ac_cv_env_CCC_value=
ac_cv_env_CC_set=
ac_cv_env_CC_value=
ac_cv_env_CFLAGS_set=
ac_cv_env_CFLAGS_value=
ac_cv_env_CPPFLAGS_set=
ac_cv_env_CPPFLAGS_value=
ac_cv_env_CXXFLAGS_set=
ac_cv_env_CXXFLAGS_value=
ac_cv_env_CXX_set=
ac_cv_env_CXX_value=
ac_cv_env_LDFLAGS_set=
ac_cv_env_LDFLAGS_value=
ac_cv_env_LIBS_set=
ac_cv_env_LIBS_value=
ac_cv_env_build_alias_set=
ac_cv_env_build_alias_value=
ac_cv_env_host_alias_set=
ac_cv_env_host_alias_value=
ac_cv_env_target_alias_set=
ac_cv_env_target_alias_value=
ac_cv_header_openssl_ssl_h=yes
ac_cv_host=x86_64-apple-darwin23.6.0
ac_cv_objext=o
ac_cv_path_install='/usr/bin/install -c'
ac_cv_prog_AWK=awk
ac_cv_prog_ac_ct_CC=gcc
ac_cv_prog_ac_ct_CXX=g++
ac_cv_prog_ac_ct_RANLIB=ranlib
ac_cv_prog_cc_c11=
ac_cv_prog_cc_g=yes
ac_cv_prog_cc_stdc=
ac_cv_prog_cxx_cxx11=-std=gnu++11
ac_cv_prog_cxx_g=yes
ac_cv_prog_cxx_stdcxx=-std=gnu++11
ac_cv_prog_make_make_set=yes
am_cv_CC_dependencies_compiler_type=gcc3
am_cv_CXX_dependencies_compiler_type=gcc3
am_cv_filesystem_timestamp_resolution=2
am_cv_make_support_nested_variables=yes
am_cv_prog_cc_c_o=yes
am_cv_prog_tar_pax=gnutar
am_cv_sleep_fractional_seconds=yes
am_cv_xargs_n_works=yes

## ----------------- ##
## Output variables. ##
## ----------------- ##

ACLOCAL='${SHELL} '\''/Users/angie/Desktop/College Classes/CSE125/group3/external/asio-1.34.2/missing'\'' aclocal-1.17'
AMDEPBACKSLASH='\'
AMDEP_FALSE='#'
AMDEP_TRUE=''
AMTAR='$${TAR-tar}'
AM_BACKSLASH='\'
AM_DEFAULT_V='$(AM_DEFAULT_VERBOSITY)'
AM_DEFAULT_VERBOSITY='1'
AM_V='$(V)'
AUTOCONF='${SHELL} '\''/Users/angie/Desktop/College Classes/CSE125/group3/external/asio-1.34.2/missing'\'' autoconf'
AUTOHEADER='${SHELL} '\''/Users/angie/Desktop/College Classes/CSE125/group3/external/asio-1.34.2/missing'\'' autoheader'
AUTOMAKE='${SHELL} '\''/Users/angie/Desktop/College Classes/CSE125/group3/external/asio-1.34.2/missing'\'' automake-1.17'
AWK='awk'
CC='gcc'
CCDEPMODE='depmode=gcc3'
CFLAGS='-g -O2'
CPPFLAGS=' -DASIO_STANDALONE'
CSCOPE='cscope'
CTAGS='ctags'
CXX='g++ -std=gnu++11'
CXXDEPMODE='depmode=gcc3'
CXXFLAGS='-g -O2 -ftemplate-depth-256'
CYGPATH_W='echo'
DEFS='-DPACKAGE_NAME=\"asio\" -DPACKAGE_TARNAME=\"asio\" -DPACKAGE_VERSION=\"1.34.2\" -DPACKAGE_STRING=\"asio\ 1.34.2\" -DPACKAGE_BUGREPORT=\"\" -DPACKAGE_URL=\"\" -DPACKAGE=\"asio\" -DVERSION=\"1.34.2\" -D_REENTRANT=1'
DEPDIR='.deps'
ECHO_C='\c'
ECHO_N=''
ECHO_T=''
ETAGS='etags'
EXEEXT=''
HAVE_BOOST_COROUTINE_FALSE=''
HAVE_BOOST_COROUTINE_TRUE='#'
HAVE_COROUTINES_FALSE=''
HAVE_COROUTINES_TRUE='#'
HAVE_CXX11_FALSE='#'
HAVE_CXX11_TRUE=''
HAVE_CXX14_FALSE=''
HAVE_CXX14_TRUE='#'
HAVE_CXX17_FALSE=''
HAVE_CXX17_TRUE='#'
HAVE_CXX20_FALSE=''
HAVE_CXX20_TRUE='#'
HAVE_OPENSSL_FALSE='#'
HAVE_OPENSSL_TRUE=''
INSTALL_DATA='${INSTALL} -m 644'
INSTALL_PROGRAM='${INSTALL}'
INSTALL_SCRIPT='${INSTALL}'
INSTALL_STRIP_PROGRAM='$(install_sh) -c -s'
LDFLAGS=''
LIBOBJS=''
LIBS=' -lssl -lcrypto'
LTLIBOBJS=''
MAINT='#'
MAINTAINER_MODE_FALSE=''
MAINTAINER_MODE_TRUE='#'
MAKEINFO='${SHELL} '\''/Users/angie/Desktop/College Classes/CSE125/group3/external/asio-1.34.2/missing'\'' makeinfo'
MKDIR_P='mkdir -p'
OBJEXT='o'
PACKAGE='asio'
PACKAGE_BUGREPORT=''
PACKAGE_NAME='asio'
PACKAGE_STRING='asio 1.34.2'
PACKAGE_TARNAME='asio'
PACKAGE_URL=''
PACKAGE_VERSION='1.34.2'
PATH_SEPARATOR=':'
RANLIB='ranlib'
SEPARATE_COMPILATION_FALSE=''
SEPARATE_COMPILATION_TRUE='#'
SET_MAKE=''
SHELL='/bin/sh'
STANDALONE_FALSE='#'
STANDALONE_TRUE=''
STRIP=''
VERSION='1.34.2'
WINDOWS_TARGET_FALSE=''
WINDOWS_TARGET_TRUE='#'
ac_ct_CC='gcc'
ac_ct_CXX='g++'
am__EXEEXT_FALSE=''
am__EXEEXT_TRUE='#'
am__fastdepCC_FALSE='#'
am__fastdepCC_TRUE=''
am__fastdepCXX_FALSE='#'
am__fastdepCXX_TRUE=''
am__include='include'
am__isrc=''
am__leading_dot='.'
am__nodep='_no'
am__quote=''
am__rm_f_notfound=''
am__tar='tar --format=posix -chf - "$$tardir"'
am__untar='tar -xf -'
am__xargs_n='xargs -n'
bindir='${exec_prefix}/bin'
build='x86_64-apple-darwin23.6.0'
build_alias=''
build_cpu='x86_64'
build_os='darwin23.6.0'
build_vendor='apple'
datadir='${datarootdir}'
datarootdir='${prefix}/share'
docdir='${datarootdir}/doc/${PACKAGE_TARNAME}'
dvidir='${docdir}'
exec_prefix='${prefix}'
host='x86_64-apple-darwin23.6.0'
host_alias=''
host_cpu='x86_64'
host_os='darwin23.6.0'
host_vendor='apple'
htmldir='${docdir}'
includedir='${prefix}/include'
infodir='${datarootdir}/info'
install_sh='${SHELL} '\''/Users/angie/Desktop/College Classes/CSE125/group3/external/asio-1.34.2/install-sh'\'''
libdir='${exec_prefix}/lib'
libexecdir='${exec_prefix}/libexec'
localedir='${datarootdir}/locale'
localstatedir='${prefix}/var'
mandir='${datarootdir}/man'
mkdir_p='$(MKDIR_P)'
noarch_pkgconfigdir='${datadir}/pkgconfig'
oldincludedir='/usr/include'
pdfdir='${docdir}'
prefix='/usr/local'
program_transform_name='s,x,x,'
psdir='${docdir}'
runstatedir='${localstatedir}/run'
sbindir='${exec_prefix}/sbin'
sharedstatedir='${prefix}/com'
sysconfdir='${prefix}/etc'
target_alias=''

## ----------- ##
## confdefs.h. ##
## ----------- ##

/* confdefs.h */
#define PACKAGE_NAME "asio"
#define PACKAGE_TARNAME "asio"
#define PACKAGE_VERSION "1.34.2"
#define PACKAGE_STRING "asio 1.34.2"
#define PACKAGE_BUGREPORT ""
#define PACKAGE_URL ""
#define PACKAGE "asio"
#define VERSION "1.34.2"
#define _REENTRANT 1

configure: exit 0
